app/build/intermediates/manifest_merge_blame_file/debug/processDebugMainManifest/manifest-merger-blame-debug-report.txt
1<?xml version="1.0" encoding="utf-8"?>
2<manifest xmlns:android="http://schemas.android.com/apk/res/android"
3    package="com.myra.assistant.debug"
4    android:versionCode="1"
5    android:versionName="1.0.0" >
6
7    <uses-sdk
8        android:minSdkVersion="26"
9        android:targetSdkVersion="34" />
10
11    <!-- ── Core Permissions ─────────────────────────────────────────────── -->
12    <uses-permission android:name="android.permission.RECORD_AUDIO" />
12-->src/main/AndroidManifest.xml:7:5-71
12-->src/main/AndroidManifest.xml:7:22-68
13    <uses-permission android:name="android.permission.INTERNET" />
13-->src/main/AndroidManifest.xml:8:5-67
13-->src/main/AndroidManifest.xml:8:22-64
14    <uses-permission android:name="android.permission.READ_CONTACTS" />
14-->src/main/AndroidManifest.xml:9:5-72
14-->src/main/AndroidManifest.xml:9:22-69
15    <uses-permission android:name="android.permission.WRITE_CONTACTS" />
15-->src/main/AndroidManifest.xml:10:5-73
15-->src/main/AndroidManifest.xml:10:22-70
16    <uses-permission android:name="android.permission.READ_PHONE_STATE" />
16-->src/main/AndroidManifest.xml:11:5-75
16-->src/main/AndroidManifest.xml:11:22-72
17    <uses-permission android:name="android.permission.READ_CALL_LOG" />
17-->src/main/AndroidManifest.xml:12:5-72
17-->src/main/AndroidManifest.xml:12:22-69
18    <uses-permission android:name="android.permission.ANSWER_PHONE_CALLS" />
18-->src/main/AndroidManifest.xml:13:5-77
18-->src/main/AndroidManifest.xml:13:22-74
19    <uses-permission android:name="android.permission.CALL_PHONE" />
19-->src/main/AndroidManifest.xml:14:5-69
19-->src/main/AndroidManifest.xml:14:22-66
20    <uses-permission android:name="android.permission.SEND_SMS" />
20-->src/main/AndroidManifest.xml:15:5-67
20-->src/main/AndroidManifest.xml:15:22-64
21    <uses-permission android:name="android.permission.MODIFY_PHONE_STATE" />
21-->src/main/AndroidManifest.xml:16:5-17:47
21-->src/main/AndroidManifest.xml:16:22-74
22
23    <!-- ── Foreground Service Permissions ─────────────────────────────── -->
24    <uses-permission android:name="android.permission.FOREGROUND_SERVICE" />
24-->src/main/AndroidManifest.xml:20:5-77
24-->src/main/AndroidManifest.xml:20:22-74
25    <uses-permission android:name="android.permission.FOREGROUND_SERVICE_MICROPHONE" />
25-->src/main/AndroidManifest.xml:21:5-88
25-->src/main/AndroidManifest.xml:21:22-85
26    <uses-permission android:name="android.permission.FOREGROUND_SERVICE_SPECIAL_USE" />
26-->src/main/AndroidManifest.xml:22:5-89
26-->src/main/AndroidManifest.xml:22:22-86
27    <uses-permission android:name="android.permission.FOREGROUND_SERVICE_MEDIA_PLAYBACK" />
27-->src/main/AndroidManifest.xml:23:5-92
27-->src/main/AndroidManifest.xml:23:22-89
28
29    <!-- ── System Permissions ───────────────────────────────────────── -->
30    <uses-permission android:name="android.permission.USE_BIOMETRIC" />
30-->src/main/AndroidManifest.xml:26:5-72
30-->src/main/AndroidManifest.xml:26:22-69
31    <uses-permission android:name="android.permission.SYSTEM_ALERT_WINDOW" />
31-->src/main/AndroidManifest.xml:27:5-78
31-->src/main/AndroidManifest.xml:27:22-75
32    <uses-permission android:name="android.permission.RECEIVE_BOOT_COMPLETED" />
32-->src/main/AndroidManifest.xml:28:5-81
32-->src/main/AndroidManifest.xml:28:22-78
33    <uses-permission android:name="android.permission.CAMERA" />
33-->src/main/AndroidManifest.xml:29:5-65
33-->src/main/AndroidManifest.xml:29:22-62
34    <uses-permission android:name="android.permission.FLASHLIGHT" />
34-->src/main/AndroidManifest.xml:30:5-69
34-->src/main/AndroidManifest.xml:30:22-66
35    <uses-permission android:name="android.permission.VIBRATE" />
35-->src/main/AndroidManifest.xml:31:5-66
35-->src/main/AndroidManifest.xml:31:22-63
36    <uses-permission android:name="android.permission.WAKE_LOCK" />
36-->src/main/AndroidManifest.xml:32:5-68
36-->src/main/AndroidManifest.xml:32:22-65
37
38    <!-- ── Connectivity Permissions ───────────────────────────────────── -->
39    <uses-permission android:name="android.permission.ACCESS_WIFI_STATE" />
39-->src/main/AndroidManifest.xml:35:5-76
39-->src/main/AndroidManifest.xml:35:22-73
40    <uses-permission android:name="android.permission.CHANGE_WIFI_STATE" />
40-->src/main/AndroidManifest.xml:36:5-76
40-->src/main/AndroidManifest.xml:36:22-73
41    <uses-permission android:name="android.permission.BLUETOOTH" />
41-->src/main/AndroidManifest.xml:37:5-68
41-->src/main/AndroidManifest.xml:37:22-65
42    <uses-permission android:name="android.permission.BLUETOOTH_ADMIN" />
42-->src/main/AndroidManifest.xml:38:5-74
42-->src/main/AndroidManifest.xml:38:22-71
43    <uses-permission android:name="android.permission.BLUETOOTH_CONNECT" />
43-->src/main/AndroidManifest.xml:39:5-76
43-->src/main/AndroidManifest.xml:39:22-73
44    <uses-permission android:name="android.permission.MODIFY_AUDIO_SETTINGS" />
44-->src/main/AndroidManifest.xml:40:5-80
44-->src/main/AndroidManifest.xml:40:22-77
45
46    <!-- ── Storage Permissions ────────────────────────────────────────── -->
47    <uses-permission android:name="android.permission.READ_EXTERNAL_STORAGE" />
47-->src/main/AndroidManifest.xml:43:5-80
47-->src/main/AndroidManifest.xml:43:22-77
48    <uses-permission android:name="android.permission.WRITE_EXTERNAL_STORAGE" />
48-->src/main/AndroidManifest.xml:44:5-81
48-->src/main/AndroidManifest.xml:44:22-78
49
50    <!-- ── Admin & Stats ─────────────────────────────────────────────── -->
51    <uses-permission android:name="android.permission.QUERY_ALL_PACKAGES" />
51-->src/main/AndroidManifest.xml:47:5-77
51-->src/main/AndroidManifest.xml:47:22-74
52    <uses-permission android:name="android.permission.BIND_DEVICE_ADMIN" />
52-->src/main/AndroidManifest.xml:48:5-76
52-->src/main/AndroidManifest.xml:48:22-73
53    <uses-permission android:name="android.permission.PACKAGE_USAGE_STATS" />
53-->src/main/AndroidManifest.xml:49:5-50:47
53-->src/main/AndroidManifest.xml:49:22-75
54
55    <!-- suppress DeprecatedClassUsageInspection -->
56    <uses-permission android:name="android.permission.USE_FINGERPRINT" />
56-->[androidx.biometric:biometric:1.1.0] AndroidManifest.xml:27:5-74
56-->[androidx.biometric:biometric:1.1.0] AndroidManifest.xml:27:22-71
57
58    <permission
58-->[androidx.core:core:1.13.0] AndroidManifest.xml:22:5-24:47
59        android:name="com.myra.assistant.debug.DYNAMIC_RECEIVER_NOT_EXPORTED_PERMISSION"
59-->[androidx.core:core:1.13.0] AndroidManifest.xml:23:9-81
60        android:protectionLevel="signature" />
60-->[androidx.core:core:1.13.0] AndroidManifest.xml:24:9-44
61
62    <uses-permission android:name="com.myra.assistant.debug.DYNAMIC_RECEIVER_NOT_EXPORTED_PERMISSION" /> <!-- ── Accessibility Permission (implicit via service declaration) ── -->
62-->[androidx.core:core:1.13.0] AndroidManifest.xml:26:5-97
62-->[androidx.core:core:1.13.0] AndroidManifest.xml:26:22-94
63    <application
63-->src/main/AndroidManifest.xml:54:5-208:19
64        android:allowBackup="false"
64-->src/main/AndroidManifest.xml:55:9-36
65        android:appComponentFactory="androidx.core.app.CoreComponentFactory"
65-->[androidx.core:core:1.13.0] AndroidManifest.xml:28:18-86
66        android:debuggable="true"
67        android:extractNativeLibs="false"
68        android:icon="@mipmap/img"
68-->src/main/AndroidManifest.xml:56:9-35
69        android:label="MYRA"
69-->src/main/AndroidManifest.xml:57:9-29
70        android:requestLegacyExternalStorage="true"
70-->src/main/AndroidManifest.xml:62:9-52
71        android:roundIcon="@mipmap/img"
71-->src/main/AndroidManifest.xml:58:9-40
72        android:supportsRtl="true"
72-->src/main/AndroidManifest.xml:59:9-35
73        android:theme="@style/Theme.Myra"
73-->src/main/AndroidManifest.xml:60:9-42
74        android:usesCleartextTraffic="false" >
74-->src/main/AndroidManifest.xml:61:9-45
75
76        <!-- ── Main Activity ─────────────────────────────────────────── -->
77        <activity
77-->src/main/AndroidManifest.xml:65:9-76:20
78            android:name="com.myra.assistant.ui.main.MainActivity"
78-->src/main/AndroidManifest.xml:66:13-49
79            android:excludeFromRecents="false"
79-->src/main/AndroidManifest.xml:71:13-47
80            android:exported="true"
80-->src/main/AndroidManifest.xml:67:13-36
81            android:launchMode="singleTop"
81-->src/main/AndroidManifest.xml:70:13-43
82            android:screenOrientation="portrait"
82-->src/main/AndroidManifest.xml:68:13-49
83            android:windowSoftInputMode="adjustResize" >
83-->src/main/AndroidManifest.xml:69:13-55
84            <intent-filter>
84-->src/main/AndroidManifest.xml:72:13-75:29
85                <action android:name="android.intent.action.MAIN" />
85-->src/main/AndroidManifest.xml:73:17-69
85-->src/main/AndroidManifest.xml:73:25-66
86
87                <category android:name="android.intent.category.LAUNCHER" />
87-->src/main/AndroidManifest.xml:74:17-77
87-->src/main/AndroidManifest.xml:74:27-74
88            </intent-filter>
89        </activity>
90
91        <!-- ── Assist Launcher (Power Button) ────────────────────────── -->
92        <activity
92-->src/main/AndroidManifest.xml:79:9-92:20
93            android:name="com.myra.assistant.ui.main.AssistLauncherActivity"
93-->src/main/AndroidManifest.xml:80:13-59
94            android:excludeFromRecents="true"
94-->src/main/AndroidManifest.xml:82:13-46
95            android:exported="true"
95-->src/main/AndroidManifest.xml:81:13-36
96            android:noHistory="true"
96-->src/main/AndroidManifest.xml:83:13-37
97            android:taskAffinity=""
97-->src/main/AndroidManifest.xml:84:13-36
98            android:theme="@style/Theme.Myra.Transparent" >
98-->src/main/AndroidManifest.xml:85:13-58
99            <intent-filter>
99-->src/main/AndroidManifest.xml:86:13-91:29
100                <action android:name="android.intent.action.ASSIST" />
100-->src/main/AndroidManifest.xml:87:17-71
100-->src/main/AndroidManifest.xml:87:25-68
101                <action android:name="android.intent.action.VOICE_COMMAND" />
101-->src/main/AndroidManifest.xml:88:17-78
101-->src/main/AndroidManifest.xml:88:25-75
102                <action android:name="android.intent.action.VOICE_ASSIST" />
102-->src/main/AndroidManifest.xml:89:17-77
102-->src/main/AndroidManifest.xml:89:25-74
103
104                <category android:name="android.intent.category.DEFAULT" />
104-->src/main/AndroidManifest.xml:90:17-76
104-->src/main/AndroidManifest.xml:90:27-73
105            </intent-filter>
106        </activity>
107
108        <!-- ── Call Assistant Activity ─────────────────────────────────── -->
109        <activity
109-->src/main/AndroidManifest.xml:95:9-105:46
110            android:name="com.myra.assistant.ui.main.CallAssistantActivity"
110-->src/main/AndroidManifest.xml:96:13-58
111            android:excludeFromRecents="true"
111-->src/main/AndroidManifest.xml:103:13-46
112            android:exported="false"
112-->src/main/AndroidManifest.xml:97:13-37
113            android:launchMode="singleTask"
113-->src/main/AndroidManifest.xml:105:13-44
114            android:noHistory="true"
114-->src/main/AndroidManifest.xml:104:13-37
115            android:screenOrientation="portrait"
115-->src/main/AndroidManifest.xml:102:13-49
116            android:showOnLockScreen="true"
116-->src/main/AndroidManifest.xml:99:13-44
117            android:showWhenLocked="true"
117-->src/main/AndroidManifest.xml:100:13-42
118            android:theme="@style/Theme.Myra.Transparent"
118-->src/main/AndroidManifest.xml:98:13-58
119            android:turnScreenOn="true" />
119-->src/main/AndroidManifest.xml:101:13-40
120
121        <!-- ── Settings Activity ───────────────────────────────────────── -->
122        <activity
122-->src/main/AndroidManifest.xml:108:9-112:52
123            android:name="com.myra.assistant.ui.settings.SettingsActivity"
123-->src/main/AndroidManifest.xml:109:13-57
124            android:exported="false"
124-->src/main/AndroidManifest.xml:110:13-37
125            android:parentActivityName="com.myra.assistant.ui.main.MainActivity"
125-->src/main/AndroidManifest.xml:111:13-63
126            android:screenOrientation="portrait" />
126-->src/main/AndroidManifest.xml:112:13-49
127
128        <!-- ── Security Activities ───────────────────────────────────── -->
129        <activity
129-->src/main/AndroidManifest.xml:115:9-122:51
130            android:name="com.myra.assistant.security.AppLockActivity"
130-->src/main/AndroidManifest.xml:116:13-53
131            android:excludeFromRecents="true"
131-->src/main/AndroidManifest.xml:120:13-46
132            android:exported="false"
132-->src/main/AndroidManifest.xml:117:13-37
133            android:noHistory="true"
133-->src/main/AndroidManifest.xml:121:13-37
134            android:screenOrientation="portrait"
134-->src/main/AndroidManifest.xml:122:13-49
135            android:taskAffinity=""
135-->src/main/AndroidManifest.xml:119:13-36
136            android:theme="@style/Theme.Myra.Transparent" />
136-->src/main/AndroidManifest.xml:118:13-58
137        <activity
137-->src/main/AndroidManifest.xml:124:9-127:65
138            android:name="com.myra.assistant.security.SecuritySettingsActivity"
138-->src/main/AndroidManifest.xml:125:13-62
139            android:exported="false"
139-->src/main/AndroidManifest.xml:126:13-37
140            android:theme="@style/Theme.AppCompat.NoActionBar" />
140-->src/main/AndroidManifest.xml:127:13-63
141        <activity
141-->src/main/AndroidManifest.xml:129:9-133:51
142            android:name="com.myra.assistant.security.AppSelectionActivity"
142-->src/main/AndroidManifest.xml:130:13-58
143            android:exported="false"
143-->src/main/AndroidManifest.xml:131:13-37
144            android:screenOrientation="portrait"
144-->src/main/AndroidManifest.xml:133:13-49
145            android:theme="@style/Theme.AppCompat.NoActionBar" />
145-->src/main/AndroidManifest.xml:132:13-63
146        <activity
146-->src/main/AndroidManifest.xml:135:9-139:65
147            android:name="com.myra.assistant.security.PatternSetupActivity"
147-->src/main/AndroidManifest.xml:136:13-58
148            android:exported="false"
148-->src/main/AndroidManifest.xml:137:13-37
149            android:screenOrientation="portrait"
149-->src/main/AndroidManifest.xml:138:13-49
150            android:theme="@style/Theme.AppCompat.NoActionBar" />
150-->src/main/AndroidManifest.xml:139:13-63
151
152        <!-- ── Device Admin Receiver ─────────────────────────────────── -->
153        <receiver
153-->src/main/AndroidManifest.xml:142:9-154:20
154            android:name="com.myra.assistant.service.MyraDeviceAdminReceiver"
154-->src/main/AndroidManifest.xml:143:13-60
155            android:description="@string/app_name"
155-->src/main/AndroidManifest.xml:145:13-51
156            android:exported="true"
156-->src/main/AndroidManifest.xml:147:13-36
157            android:label="MYRA System Controller"
157-->src/main/AndroidManifest.xml:144:13-51
158            android:permission="android.permission.BIND_DEVICE_ADMIN" >
158-->src/main/AndroidManifest.xml:146:13-70
159            <meta-data
159-->src/main/AndroidManifest.xml:148:13-150:65
160                android:name="android.app.device_admin"
160-->src/main/AndroidManifest.xml:149:17-56
161                android:resource="@xml/device_admin_receiver" />
161-->src/main/AndroidManifest.xml:150:17-62
162
163            <intent-filter>
163-->src/main/AndroidManifest.xml:151:13-153:29
164                <action android:name="android.app.action.DEVICE_ADMIN_ENABLED" />
164-->src/main/AndroidManifest.xml:152:17-82
164-->src/main/AndroidManifest.xml:152:25-79
165            </intent-filter>
166        </receiver>
167
168        <!-- ── Overlay Service ───────────────────────────────────────── -->
169        <service
169-->src/main/AndroidManifest.xml:157:9-160:58
170            android:name="com.myra.assistant.service.MyraOverlayService"
170-->src/main/AndroidManifest.xml:158:13-55
171            android:exported="false"
171-->src/main/AndroidManifest.xml:159:13-37
172            android:foregroundServiceType="microphone" />
172-->src/main/AndroidManifest.xml:160:13-55
173
174        <!-- ── Call Monitor Service ────────────────────────────────────── -->
175        <service
175-->src/main/AndroidManifest.xml:163:9-171:19
176            android:name="com.myra.assistant.service.CallMonitorService"
176-->src/main/AndroidManifest.xml:164:13-55
177            android:exported="false"
177-->src/main/AndroidManifest.xml:165:13-37
178            android:foregroundServiceType="specialUse"
178-->src/main/AndroidManifest.xml:166:13-55
179            android:permission="android.permission.BIND_TELECOM_CONNECTION_SERVICE" >
179-->src/main/AndroidManifest.xml:167:13-84
180            <property
180-->src/main/AndroidManifest.xml:168:13-170:119
181                android:name="android.app.PROPERTY_SPECIAL_USE_FGS_TYPE"
181-->src/main/AndroidManifest.xml:169:17-73
182                android:value="Monitoring incoming calls to provide AI assistant features during telephony events." />
182-->src/main/AndroidManifest.xml:170:17-116
183        </service>
184
185        <!-- ── Accessibility Service ───────────────────────────────────── -->
186        <service
186-->src/main/AndroidManifest.xml:174:9-187:19
187            android:name="com.myra.assistant.service.AccessibilityHelperService"
187-->src/main/AndroidManifest.xml:175:13-63
188            android:canRetrieveWindowContent="true"
188-->src/main/AndroidManifest.xml:178:13-52
189            android:exported="false"
189-->src/main/AndroidManifest.xml:177:13-37
190            android:permission="android.permission.BIND_ACCESSIBILITY_SERVICE" >
190-->src/main/AndroidManifest.xml:176:13-79
191            <intent-filter>
191-->src/main/AndroidManifest.xml:180:13-182:29
192                <action android:name="android.accessibilityservice.AccessibilityService" />
192-->src/main/AndroidManifest.xml:181:17-91
192-->src/main/AndroidManifest.xml:181:25-89
193            </intent-filter>
194
195            <meta-data
195-->src/main/AndroidManifest.xml:184:13-186:63
196                android:name="android.accessibilityservice"
196-->src/main/AndroidManifest.xml:185:17-60
197                android:resource="@xml/accessibility_config" />
197-->src/main/AndroidManifest.xml:186:17-61
198        </service>
199
200        <!-- ── Power Button Receiver ─────────────────────────────────── -->
201        <receiver
201-->src/main/AndroidManifest.xml:190:9-197:20
202            android:name="com.myra.assistant.service.PowerButtonReceiver"
202-->src/main/AndroidManifest.xml:191:13-56
203            android:exported="true" >
203-->src/main/AndroidManifest.xml:192:13-36
204            <intent-filter>
204-->src/main/AndroidManifest.xml:193:13-196:29
205                <action android:name="android.intent.action.SCREEN_OFF" />
205-->src/main/AndroidManifest.xml:194:17-75
205-->src/main/AndroidManifest.xml:194:25-72
206                <action android:name="android.intent.action.SCREEN_ON" />
206-->src/main/AndroidManifest.xml:195:17-74
206-->src/main/AndroidManifest.xml:195:25-71
207            </intent-filter>
208        </receiver>
209
210        <!-- ── Boot Receiver ─────────────────────────────────────────── -->
211        <receiver
211-->src/main/AndroidManifest.xml:200:9-206:20
212            android:name="com.myra.assistant.service.BootReceiver"
212-->src/main/AndroidManifest.xml:201:13-49
213            android:exported="true" >
213-->src/main/AndroidManifest.xml:202:13-36
214            <intent-filter>
214-->src/main/AndroidManifest.xml:203:13-205:29
215                <action android:name="android.intent.action.BOOT_COMPLETED" />
215-->src/main/AndroidManifest.xml:204:17-79
215-->src/main/AndroidManifest.xml:204:25-76
216            </intent-filter>
217        </receiver>
218
219        <provider
219-->[androidx.emoji2:emoji2:1.2.0] AndroidManifest.xml:24:9-32:20
220            android:name="androidx.startup.InitializationProvider"
220-->[androidx.emoji2:emoji2:1.2.0] AndroidManifest.xml:25:13-67
221            android:authorities="com.myra.assistant.debug.androidx-startup"
221-->[androidx.emoji2:emoji2:1.2.0] AndroidManifest.xml:26:13-68
222            android:exported="false" >
222-->[androidx.emoji2:emoji2:1.2.0] AndroidManifest.xml:27:13-37
223            <meta-data
223-->[androidx.emoji2:emoji2:1.2.0] AndroidManifest.xml:29:13-31:52
224                android:name="androidx.emoji2.text.EmojiCompatInitializer"
224-->[androidx.emoji2:emoji2:1.2.0] AndroidManifest.xml:30:17-75
225                android:value="androidx.startup" />
225-->[androidx.emoji2:emoji2:1.2.0] AndroidManifest.xml:31:17-49
226            <meta-data
226-->[androidx.lifecycle:lifecycle-process:2.7.0] AndroidManifest.xml:29:13-31:52
227                android:name="androidx.lifecycle.ProcessLifecycleInitializer"
227-->[androidx.lifecycle:lifecycle-process:2.7.0] AndroidManifest.xml:30:17-78
228                android:value="androidx.startup" />
228-->[androidx.lifecycle:lifecycle-process:2.7.0] AndroidManifest.xml:31:17-49
229            <meta-data
229-->[androidx.profileinstaller:profileinstaller:1.3.1] AndroidManifest.xml:29:13-31:52
230                android:name="androidx.profileinstaller.ProfileInstallerInitializer"
230-->[androidx.profileinstaller:profileinstaller:1.3.1] AndroidManifest.xml:30:17-85
231                android:value="androidx.startup" />
231-->[androidx.profileinstaller:profileinstaller:1.3.1] AndroidManifest.xml:31:17-49
232        </provider>
233
234        <receiver
234-->[androidx.profileinstaller:profileinstaller:1.3.1] AndroidManifest.xml:34:9-52:20
235            android:name="androidx.profileinstaller.ProfileInstallReceiver"
235-->[androidx.profileinstaller:profileinstaller:1.3.1] AndroidManifest.xml:35:13-76
236            android:directBootAware="false"
236-->[androidx.profileinstaller:profileinstaller:1.3.1] AndroidManifest.xml:36:13-44
237            android:enabled="true"
237-->[androidx.profileinstaller:profileinstaller:1.3.1] AndroidManifest.xml:37:13-35
238            android:exported="true"
238-->[androidx.profileinstaller:profileinstaller:1.3.1] AndroidManifest.xml:38:13-36
239            android:permission="android.permission.DUMP" >
239-->[androidx.profileinstaller:profileinstaller:1.3.1] AndroidManifest.xml:39:13-57
240            <intent-filter>
240-->[androidx.profileinstaller:profileinstaller:1.3.1] AndroidManifest.xml:40:13-42:29
241                <action android:name="androidx.profileinstaller.action.INSTALL_PROFILE" />
241-->[androidx.profileinstaller:profileinstaller:1.3.1] AndroidManifest.xml:41:17-91
241-->[androidx.profileinstaller:profileinstaller:1.3.1] AndroidManifest.xml:41:25-88
242            </intent-filter>
243            <intent-filter>
243-->[androidx.profileinstaller:profileinstaller:1.3.1] AndroidManifest.xml:43:13-45:29
244                <action android:name="androidx.profileinstaller.action.SKIP_FILE" />
244-->[androidx.profileinstaller:profileinstaller:1.3.1] AndroidManifest.xml:44:17-85
244-->[androidx.profileinstaller:profileinstaller:1.3.1] AndroidManifest.xml:44:25-82
245            </intent-filter>
246            <intent-filter>
246-->[androidx.profileinstaller:profileinstaller:1.3.1] AndroidManifest.xml:46:13-48:29
247                <action android:name="androidx.profileinstaller.action.SAVE_PROFILE" />
247-->[androidx.profileinstaller:profileinstaller:1.3.1] AndroidManifest.xml:47:17-88
247-->[androidx.profileinstaller:profileinstaller:1.3.1] AndroidManifest.xml:47:25-85
248            </intent-filter>
249            <intent-filter>
249-->[androidx.profileinstaller:profileinstaller:1.3.1] AndroidManifest.xml:49:13-51:29
250                <action android:name="androidx.profileinstaller.action.BENCHMARK_OPERATION" />
250-->[androidx.profileinstaller:profileinstaller:1.3.1] AndroidManifest.xml:50:17-95
250-->[androidx.profileinstaller:profileinstaller:1.3.1] AndroidManifest.xml:50:25-92
251            </intent-filter>
252        </receiver>
253    </application>
254
255</manifest>